<?xml version="1.0" encoding="UTF-8"?>
<!-- Generated by org.testng.reporters.JUnitReportReporter -->
<testsuite skipped="0" hostname="SW-LP07986.local" name="com.test.PurchaseFlowTest" tests="1" failures="0" timestamp="14 Dec 2020 09:40:02 GMT" time="27.005" errors="0">
  <testcase name="validLoginTest" time="27.005" classname="com.test.PurchaseFlowTest"/>
</testsuite> <!-- com.test.PurchaseFlowTest -->
