<?xml version="1.0" encoding="UTF-8"?>
<!-- Generated by org.testng.reporters.JUnitReportReporter -->
<testsuite skipped="0" hostname="SW-LP07986.local" name="com.test.PurchaseFlowTest" tests="1" failures="0" timestamp="14 Dec 2020 10:07:00 GMT" time="37.825" errors="0">
  <testcase name="validLoginTest" time="37.825" classname="com.test.PurchaseFlowTest"/>
</testsuite> <!-- com.test.PurchaseFlowTest -->
